[2025-04-11 04:32:26]
{
    "method": "GET",
    "uri": "/projects/green-island/management-dashboard-backend/",
    "query": []
}

[2025-04-11 04:32:43]
{
    "method": "GET",
    "uri": "/projects/green-island/management-dashboard-backend/?endpoint=dashboard",
    "query": {
        "endpoint": "dashboard"
    }
}

[2025-04-11 04:36:34]
{
    "method": "GET",
    "uri": "/projects/green-island/management-dashboard-backend/?endpoint=agent_rankings",
    "query": {
        "endpoint": "agent_rankings"
    }
}

[2025-04-11 04:36:50]
{
    "method": "GET",
    "uri": "/projects/green-island/management-dashboard-backend/?endpoint=agent_rankings",
    "query": {
        "endpoint": "agent_rankings"
    }
}

[2025-04-11 04:37:53]
{
    "method": "GET",
    "uri": "/projects/green-island/management-dashboard-backend/?endpoint=sales_teams",
    "query": {
        "endpoint": "sales_teams"
    }
}

