[2025-04-09 03:12:11]
{
    "method": "GET",
    "uri": "/projects/green-island/management-dashboard-backend/",
    "query": [],
    "body": "",
    "headers": {
        "Host": "localhost",
        "Connection": "keep-alive",
        "sec-ch-ua": "\"Google Chrome\";v=\"135\", \"Not-A.Brand\";v=\"8\", \"Chromium\";v=\"135\"",
        "sec-ch-ua-mobile": "?0",
        "sec-ch-ua-platform": "\"Linux\"",
        "Upgrade-Insecure-Requests": "1",
        "User-Agent": "Mozilla/5.0 (X11; Linux x86_64) AppleWebKit/537.36 (KHTML, like Gecko) Chrome/135.0.0.0 Safari/537.36",
        "Accept": "text/html,application/xhtml+xml,application/xml;q=0.9,image/avif,image/webp,image/apng,*/*;q=0.8,application/signed-exchange;v=b3;q=0.7",
        "Sec-Fetch-Site": "same-origin",
        "Sec-Fetch-Mode": "navigate",
        "Sec-Fetch-User": "?1",
        "Sec-Fetch-Dest": "document",
        "Referer": "http://localhost/projects/green-island/",
        "Accept-Encoding": "gzip, deflate, br, zstd",
        "Accept-Language": "en-US,en;q=0.9"
    }
}

[2025-04-09 03:12:39]
{
    "method": "GET",
    "uri": "/projects/green-island/management-dashboard-backend/?endpoint=performance&id=230",
    "query": {
        "endpoint": "performance",
        "id": "230"
    },
    "body": "",
    "headers": {
        "Host": "localhost",
        "Connection": "keep-alive",
        "Upgrade-Insecure-Requests": "1",
        "User-Agent": "Mozilla/5.0 (X11; Linux x86_64) AppleWebKit/537.36 (KHTML, like Gecko) Chrome/135.0.0.0 Safari/537.36",
        "Accept": "text/html,application/xhtml+xml,application/xml;q=0.9,image/avif,image/webp,image/apng,*/*;q=0.8,application/signed-exchange;v=b3;q=0.7",
        "Sec-Fetch-Site": "none",
        "Sec-Fetch-Mode": "navigate",
        "Sec-Fetch-User": "?1",
        "Sec-Fetch-Dest": "document",
        "sec-ch-ua": "\"Google Chrome\";v=\"135\", \"Not-A.Brand\";v=\"8\", \"Chromium\";v=\"135\"",
        "sec-ch-ua-mobile": "?0",
        "sec-ch-ua-platform": "\"Linux\"",
        "Accept-Encoding": "gzip, deflate, br, zstd",
        "Accept-Language": "en-US,en;q=0.9"
    }
}

[2025-04-09 03:20:11]
{
    "method": "GET",
    "uri": "/projects/green-island/management-dashboard-backend/?endpoint=overall_deals",
    "query": {
        "endpoint": "overall_deals"
    }
}

[2025-04-09 03:20:17]
{
    "method": "GET",
    "uri": "/projects/green-island/management-dashboard-backend/?endpoint=overall_deals",
    "query": {
        "endpoint": "overall_deals"
    }
}

[2025-04-09 03:20:28]
{
    "method": "GET",
    "uri": "/projects/green-island/management-dashboard-backend/?endpoint=overallDdeals",
    "query": {
        "endpoint": "overallDdeals"
    }
}

[2025-04-09 03:20:33]
{
    "method": "GET",
    "uri": "/projects/green-island/management-dashboard-backend/?endpoint=overallDeals",
    "query": {
        "endpoint": "overallDeals"
    }
}

[2025-04-09 03:23:29]
{
    "method": "GET",
    "uri": "/projects/green-island/management-dashboard-backend/?endpoint=overall_deals",
    "query": {
        "endpoint": "overall_deals"
    }
}

[2025-04-09 03:29:54]
{
    "method": "GET",
    "uri": "/projects/green-island/management-dashboard-backend/?endpoint=sales_teams",
    "query": {
        "endpoint": "sales_teams"
    }
}

[2025-04-09 03:32:12]
{
    "method": "GET",
    "uri": "/projects/green-island/management-dashboard-backend/?endpoint=sales_teams",
    "query": {
        "endpoint": "sales_teams"
    }
}

[2025-04-09 03:32:35]
{
    "method": "GET",
    "uri": "/projects/green-island/management-dashboard-backend/?endpoint=sales_teams",
    "query": {
        "endpoint": "sales_teams"
    }
}

[2025-04-09 03:33:20]
{
    "method": "GET",
    "uri": "/projects/green-island/management-dashboard-backend/?endpoint=sales_teams",
    "query": {
        "endpoint": "sales_teams"
    }
}

[2025-04-09 03:33:38]
{
    "method": "GET",
    "uri": "/projects/green-island/management-dashboard-backend/?endpoint=sales_teams",
    "query": {
        "endpoint": "sales_teams"
    }
}

[2025-04-09 03:35:06]
{
    "method": "GET",
    "uri": "/projects/green-island/management-dashboard-backend/?endpoint=sales_teams",
    "query": {
        "endpoint": "sales_teams"
    }
}

[2025-04-09 03:35:10]
{
    "method": "GET",
    "uri": "/projects/green-island/management-dashboard-backend/?endpoint=sales_teams",
    "query": {
        "endpoint": "sales_teams"
    }
}

[2025-04-09 03:36:22]
{
    "method": "GET",
    "uri": "/projects/green-island/management-dashboard-backend/?endpoint=sales_teams",
    "query": {
        "endpoint": "sales_teams"
    }
}

[2025-04-09 03:37:03]
{
    "method": "GET",
    "uri": "/projects/green-island/management-dashboard-backend/?endpoint=sales_teams",
    "query": {
        "endpoint": "sales_teams"
    }
}

[2025-04-09 03:39:55]
{
    "method": "GET",
    "uri": "/projects/green-island/management-dashboard-backend/?endpoint=sales_teams",
    "query": {
        "endpoint": "sales_teams"
    }
}

[2025-04-09 03:41:57]
{
    "method": "GET",
    "uri": "/projects/green-island/management-dashboard-backend/?endpoint=sales_teams",
    "query": {
        "endpoint": "sales_teams"
    }
}

[2025-04-09 03:42:28]
{
    "method": "GET",
    "uri": "/projects/green-island/management-dashboard-backend/?endpoint=sales_teams",
    "query": {
        "endpoint": "sales_teams"
    }
}

[2025-04-09 03:42:53]
{
    "method": "GET",
    "uri": "/projects/green-island/management-dashboard-backend/?endpoint=sales_teams",
    "query": {
        "endpoint": "sales_teams"
    }
}

[2025-04-09 03:49:44]
{
    "method": "GET",
    "uri": "/projects/green-island/management-dashboard-backend/?endpoint=sales_teams",
    "query": {
        "endpoint": "sales_teams"
    }
}

[2025-04-09 03:50:22]
{
    "method": "GET",
    "uri": "/projects/green-island/management-dashboard-backend/?endpoint=sales_teams",
    "query": {
        "endpoint": "sales_teams"
    }
}

[2025-04-09 03:50:57]
{
    "method": "GET",
    "uri": "/projects/green-island/management-dashboard-backend/?endpoint=sales_teams",
    "query": {
        "endpoint": "sales_teams"
    }
}

[2025-04-09 03:53:19]
{
    "method": "GET",
    "uri": "/projects/green-island/management-dashboard-backend/?endpoint=last_transactions",
    "query": {
        "endpoint": "last_transactions"
    }
}

[2025-04-09 04:05:51]
{
    "method": "GET",
    "uri": "/projects/green-island/management-dashboard-backend/?endpoint=last_transactions",
    "query": {
        "endpoint": "last_transactions"
    }
}

[2025-04-09 04:07:11]
{
    "method": "GET",
    "uri": "/projects/green-island/management-dashboard-backend/?endpoint=last_transactions",
    "query": {
        "endpoint": "last_transactions"
    }
}

[2025-04-09 04:07:13]
{
    "method": "GET",
    "uri": "/projects/green-island/management-dashboard-backend/?endpoint=last_transactions",
    "query": {
        "endpoint": "last_transactions"
    }
}

[2025-04-09 04:10:21]
{
    "method": "GET",
    "uri": "/projects/green-island/management-dashboard-backend/?endpoint=last_transactions",
    "query": {
        "endpoint": "last_transactions"
    }
}

[2025-04-09 04:12:17]
{
    "method": "GET",
    "uri": "/projects/green-island/management-dashboard-backend/?endpoint=last_transactions",
    "query": {
        "endpoint": "last_transactions"
    }
}

[2025-04-09 04:12:58]
{
    "method": "GET",
    "uri": "/projects/green-island/management-dashboard-backend/?endpoint=last_transactions",
    "query": {
        "endpoint": "last_transactions"
    }
}

[2025-04-09 04:23:16]
{
    "method": "GET",
    "uri": "/projects/green-island/management-dashboard-backend/?endpoint=last_transactions",
    "query": {
        "endpoint": "last_transactions"
    }
}

[2025-04-09 04:31:35]
{
    "method": "GET",
    "uri": "/projects/green-island/management-dashboard-backend/?endpoint=last_transactions",
    "query": {
        "endpoint": "last_transactions"
    }
}

[2025-04-09 04:37:40]
{
    "method": "GET",
    "uri": "/projects/green-island/management-dashboard-backend/?endpoint=last_transactions",
    "query": {
        "endpoint": "last_transactions"
    }
}

[2025-04-09 04:41:15]
{
    "method": "GET",
    "uri": "/projects/green-island/management-dashboard-backend/?endpoint=last_transactions",
    "query": {
        "endpoint": "last_transactions"
    }
}

